<?xml version="1.0" encoding="UTF-8"?>
<!-- Generated by org.testng.reporters.JUnitReportReporter -->
<testsuite hostname="DESKTOP-M0OO5DE" failures="0" tests="3" name="extendReportsPractice.ER_driver" time="0.103" errors="0" timestamp="2023-01-13T09:59:42 IST" skipped="0">
  <testcase classname="extendReportsPractice.ER_driver" name="create" time="0.095"/>
  <system-out/>
  <testcase classname="extendReportsPractice.ER_driver" name="modify" time="0.003"/>
  <system-out/>
  <testcase classname="extendReportsPractice.ER_driver" name="remove" time="0.005"/>
  <system-out/>
</testsuite> <!-- extendReportsPractice.ER_driver -->
