<?xml version="1.0" encoding="UTF-8"?>
<!-- Generated by org.testng.reporters.JUnitReportReporter -->
<testsuite hostname="DESKTOP-M0OO5DE" failures="0" tests="1" name="extendReportsPractice.ExReports" time="32.699" errors="0" timestamp="2022-12-09T14:34:58 IST" skipped="0">
  <testcase classname="extendReportsPractice.ExReports" name="createReport" time="32.699"/>
  <system-out/>
</testsuite> <!-- extendReportsPractice.ExReports -->
